warning: method `ensure_cell_min_width` is never used
   --> plugins/org.eclipse.elk.alg.common/src/org/eclipse/elk/alg/common/nodespacing/node_label_and_size_calculator.rs:782:8
    |
726 | impl InsideLabelLayoutGrid {
    | -------------------------- method in this implementation
...
782 |     fn ensure_cell_min_width(&mut self, row: ContainerArea, col: ContainerArea, width: f64) {
    |        ^^^^^^^^^^^^^^^^^^^^^
    |
    = note: `#[warn(dead_code)]` on by default

warning: associated function `setup_inside_port_label_cell_minimums` is never used
    --> plugins/org.eclipse.elk.alg.common/src/org/eclipse/elk/alg/common/nodespacing/node_label_and_size_calculator.rs:1619:8
     |
1215 | impl NodeLabelAndSizeCalculator {
     | ------------------------------- associated function in this implementation
...
1619 |     fn setup_inside_port_label_cell_minimums<N, T>(
     |        ^^^^^^^^^^^^^^^^^^^^^^^^^^^^^^^^^^^^^

warning: `org-eclipse-elk-alg-common` (lib) generated 2 warnings
warning: unused import: `std::sync::Arc`
 --> plugins/org.eclipse.elk.alg.layered/src/org/eclipse/elk/alg/layered/elk_layered.rs:3:5
  |
3 | use std::sync::Arc;
  |     ^^^^^^^^^^^^^^
  |
  = note: `#[warn(unused_imports)]` on by default

warning: variable does not need to be mutable
   --> plugins/org.eclipse.elk.alg.layered/src/org/eclipse/elk/alg/layered/graph/transform/elk_graph_importer.rs:594:14
    |
594 |         let (mut properties, position, mut size, labels, ports, node_is_hierarchical) = {
    |              ----^^^^^^^^^^
    |              |
    |              help: remove this `mut`
    |
    = note: `#[warn(unused_mut)]` on by default

warning: variable does not need to be mutable
   --> plugins/org.eclipse.elk.alg.layered/src/org/eclipse/elk/alg/layered/graph/transform/elk_graph_importer.rs:594:40
    |
594 |         let (mut properties, position, mut size, labels, ports, node_is_hierarchical) = {
    |                                        ----^^^^
    |                                        |
    |                                        help: remove this `mut`

warning: variable does not need to be mutable
    --> plugins/org.eclipse.elk.alg.layered/src/org/eclipse/elk/alg/layered/graph/transform/elk_graph_layout_transferrer.rs:1073:24
     |
1073 |             .and_then(|mut g| g.get_property_ref(LayeredOptions::NODE_SIZE_MINIMUM))
     |                        ----^
     |                        |
     |                        help: remove this `mut`

warning: variable does not need to be mutable
    --> plugins/org.eclipse.elk.alg.layered/src/org/eclipse/elk/alg/layered/graph/transform/elk_graph_layout_transferrer.rs:1079:24
     |
1079 |             .and_then(|mut g| g.get_property_ref(CoreOptions::NODE_SIZE_OPTIONS))
     |                        ----^
     |                        |
     |                        help: remove this `mut`

warning: variable does not need to be mutable
    --> plugins/org.eclipse.elk.alg.layered/src/org/eclipse/elk/alg/layered/graph/transform/elk_graph_layout_transferrer.rs:1050:17
     |
1050 |             let mut graph_guard = match lgraph.lock() {
     |                 ----^^^^^^^^^^^
     |                 |
     |                 help: remove this `mut`

warning: variable does not need to be mutable
  --> plugins/org.eclipse.elk.alg.layered/src/org/eclipse/elk/alg/layered/intermediate/north_south_port_preprocessor.rs:49:51
   |
49 |                 let (node_type, port_constraints, mut north_ports, mut south_ports, graph_ref) = {
   |                                                   ----^^^^^^^^^^^
   |                                                   |
   |                                                   help: remove this `mut`

warning: variable does not need to be mutable
  --> plugins/org.eclipse.elk.alg.layered/src/org/eclipse/elk/alg/layered/intermediate/north_south_port_preprocessor.rs:49:68
   |
49 |                 let (node_type, port_constraints, mut north_ports, mut south_ports, graph_ref) = {
   |                                                                    ----^^^^^^^^^^^
   |                                                                    |
   |                                                                    help: remove this `mut`

warning: function `collect_edges_by_origin` is never used
    --> plugins/org.eclipse.elk.alg.layered/src/org/eclipse/elk/alg/layered/graph/transform/elk_graph_layout_transferrer.rs:1143:4
     |
1143 | fn collect_edges_by_origin(
     |    ^^^^^^^^^^^^^^^^^^^^^^^
     |
     = note: `#[warn(dead_code)]` on by default

warning: function `origin_id_for_edge` is never used
    --> plugins/org.eclipse.elk.alg.layered/src/org/eclipse/elk/alg/layered/graph/transform/elk_graph_layout_transferrer.rs:1226:4
     |
1226 | fn origin_id_for_edge(edge: &LEdgeRef) -> Option<OriginId> {
     |    ^^^^^^^^^^^^^^^^^^

warning: constant `RANDOM_AMOUNT` is never used
   --> plugins/org.eclipse.elk.alg.layered/src/org/eclipse/elk/alg/layered/p3order/barycenter_heuristic.rs:593:7
    |
593 | const RANDOM_AMOUNT: f64 = 0.07_f32 as f64;
    |       ^^^^^^^^^^^^^

warning: field `id` is never read
   --> plugins/org.eclipse.elk.alg.layered/src/org/eclipse/elk/alg/layered/p3order/counting/hyperedge_crossings_counter.rs:422:5
    |
421 | struct Hyperedge {
    |        --------- field in this struct
422 |     id: usize,
    |     ^^
    |
    = note: `Hyperedge` has a derived impl for the trait `Clone`, but this is intentionally ignored during dead code analysis

warning: associated function `reset_random_for_graph` is never used
   --> plugins/org.eclipse.elk.alg.layered/src/org/eclipse/elk/alg/layered/p3order/layer_sweep_crossing_minimizer.rs:867:8
    |
 54 | impl LayerSweepCrossingMinimizer {
    | -------------------------------- associated function in this implementation
...
867 |     fn reset_random_for_graph(graph_data: &mut GraphInfoHolder, seed: u64) -> Option<()> {
    |        ^^^^^^^^^^^^^^^^^^^^^^

warning: `org-eclipse-elk-alg-layered` (lib) generated 13 warnings (run `cargo fix --lib -p org-eclipse-elk-alg-layered` to apply 8 suggestions)
    Finished `release` profile [optimized] target(s) in 0.02s
     Running `target/release/model_parity_layout_runner --input-manifest perf/model_parity_step50_cartpendulum_trace/java_manifest.tsv --output-manifest perf/model_parity_step50_cartpendulum_trace/rust_manifest.tsv --rust-layout-dir perf/model_parity_step50_cartpendulum_trace/rust --pretty-print false --stop-on-error false --progress-log perf/model_parity_step50_cartpendulum_trace/progress.tsv`
model parity rust runner: total=1, timeout=120s
[1/1] start realworld/ptolemy/hierarchical/continuous_cartpendulum_CartPendulum.elkt
[1/1] ok realworld/ptolemy/hierarchical/continuous_cartpendulum_CartPendulum.elkt (4 ms)
model parity rust runner completed: total=1, ok=1, skipped=0, errors=0 (timeouts=0)
