model parity rust runner: total=1, timeout=120s
crossmin: start
crossmin: empty_graph=false
crossmin: single_node=false
crossmin: hierarchical_layout=false
crossmin:init graph 0
crossmin: graph_info_holder new_with_graph start
crossmin: graph_info_holder new_with_graph node_order
crossmin: graph_info_holder new_with_graph properties
crossmin: graph_info_holder build start
crossmin: port_distributor=LayerTotal (barycenter=true)
crossmin: graph_info_holder port distributors ready
crossmin: graph_info_holder crossings counter ready
crossmin: graph_info_holder cross minimizer ready
crossmin: graph_info_holder sweep type decider ready
crossmin:init_initializables layers=2
crossmin:init_initializables layer 0
crossmin:init_initializables layer 1
crossmin:init_initializables done
crossmin: graph_info_holder init holder done
crossmin:init_initializables layers=2
crossmin:init_initializables layer 0
crossmin:init_initializables layer 1
crossmin:init_initializables done
crossmin: graph_info_holder init components done
crossmin: graph_info_holder use_bottom_up=true
crossmin:init graph 0 child_graphs=0
crossmin: graphs=1, sweep_targets=[0]
crossmin: method=CompareRandomized
crossmin: sweep graph 0
crossmin: reset_random_for_all_graphs
crossmin: compare randomized node_infl=0 port_infl=0
crossmin: compare randomized thoroughness=7
crossmin: compare randomized iter
crossmin: with_counter initial_crossings=1
crossmin: distribute_ports layer=1 forward=false first=true
crossmin: sweep layer=1 order=[n_0]
crossmin: minimize layer=0 forward=false allow_first=true
crossmin: distribute_ports layer=0 forward=false first=true
crossmin: sweep layer=0 order=[n_0]
crossmin: with_counter after first sweep
crossmin: with_counter crossings_in_graph=0
crossmin: compare randomized done
crossmin: minimize_crossings done
crossmin: transfer done
crossmin: start
crossmin: empty_graph=false
crossmin: single_node=false
crossmin: hierarchical_layout=false
crossmin:init graph 0
crossmin: graph_info_holder new_with_graph start
crossmin: graph_info_holder new_with_graph node_order
crossmin: graph_info_holder new_with_graph properties
crossmin: graph_info_holder build start
crossmin: port_distributor=GreedySwitch
crossmin: graph_info_holder port distributors ready
crossmin: graph_info_holder crossings counter ready
crossmin: graph_info_holder cross minimizer ready
crossmin: graph_info_holder sweep type decider ready
crossmin:init_initializables layers=2
crossmin:init_initializables layer 0
crossmin:init_initializables layer 1
crossmin:init_initializables done
crossmin: graph_info_holder init holder done
crossmin:init_initializables layers=2
crossmin:init_initializables layer 0
crossmin:init_initializables layer 1
crossmin:init_initializables done
crossmin: graph_info_holder init components done
crossmin: graph_info_holder use_bottom_up=true
crossmin:init graph 0 child_graphs=0
crossmin: graphs=1, sweep_targets=[0]
crossmin: method=NoCounter
crossmin: sweep graph 0
crossmin: distribute_ports layer=0 forward=true first=false
crossmin: sweep layer=0 order=[n_0]
crossmin: minimize layer=1 forward=true allow_first=false
crossmin: distribute_ports layer=1 forward=true first=false
crossmin: sweep layer=1 order=[n_0]
crossmin: minimize_crossings done
crossmin: transfer done
crossmin: start
crossmin: empty_graph=false
crossmin: single_node=false
crossmin: hierarchical_layout=false
crossmin:init graph 0
crossmin: graph_info_holder new_with_graph start
crossmin: graph_info_holder new_with_graph node_order
crossmin: graph_info_holder new_with_graph properties
crossmin: graph_info_holder build start
crossmin: port_distributor=LayerTotal (barycenter=true)
crossmin: graph_info_holder port distributors ready
crossmin: graph_info_holder crossings counter ready
crossmin: graph_info_holder cross minimizer ready
crossmin: graph_info_holder sweep type decider ready
crossmin:init_initializables layers=2
crossmin:init_initializables layer 0
crossmin:init_initializables layer 1
crossmin:init_initializables done
crossmin: graph_info_holder init holder done
crossmin:init_initializables layers=2
crossmin:init_initializables layer 0
crossmin:init_initializables layer 1
crossmin:init_initializables done
crossmin: graph_info_holder init components done
crossmin: graph_info_holder use_bottom_up=true
crossmin:init graph 0 child_graphs=0
crossmin: graphs=1, sweep_targets=[0]
crossmin: method=CompareRandomized
crossmin: sweep graph 0
crossmin: reset_random_for_all_graphs
crossmin: compare randomized node_infl=0 port_infl=0
crossmin: compare randomized thoroughness=7
crossmin: compare randomized iter
crossmin: with_counter initial_crossings=0
crossmin: distribute_ports layer=1 forward=false first=true
crossmin: sweep layer=1 order=[n(north_south_port)_0, n_1]
crossmin: minimize layer=0 forward=false allow_first=true
crossmin: distribute_ports layer=0 forward=false first=true
crossmin: sweep layer=0 order=[n_0, n(long_edge)_1]
crossmin: with_counter after first sweep
crossmin: with_counter crossings_in_graph=0
crossmin: compare randomized done
crossmin: minimize_crossings done
crossmin: transfer done
crossmin: start
crossmin: empty_graph=false
crossmin: single_node=false
crossmin: hierarchical_layout=false
crossmin:init graph 0
crossmin: graph_info_holder new_with_graph start
crossmin: graph_info_holder new_with_graph node_order
crossmin: graph_info_holder new_with_graph properties
crossmin: graph_info_holder build start
crossmin: port_distributor=GreedySwitch
crossmin: graph_info_holder port distributors ready
crossmin: graph_info_holder crossings counter ready
crossmin: graph_info_holder cross minimizer ready
crossmin: graph_info_holder sweep type decider ready
crossmin:init_initializables layers=2
crossmin:init_initializables layer 0
crossmin:init_initializables layer 1
crossmin:init_initializables done
crossmin: graph_info_holder init holder done
crossmin:init_initializables layers=2
crossmin:init_initializables layer 0
crossmin:init_initializables layer 1
crossmin:init_initializables done
crossmin: graph_info_holder init components done
crossmin: graph_info_holder use_bottom_up=true
crossmin:init graph 0 child_graphs=0
crossmin: graphs=1, sweep_targets=[0]
crossmin: method=NoCounter
crossmin: sweep graph 0
crossmin: distribute_ports layer=0 forward=true first=false
crossmin: sweep layer=0 order=[n_0, n(long_edge)_1]
crossmin: minimize layer=1 forward=true allow_first=false
crossmin: distribute_ports layer=1 forward=true first=false
crossmin: sweep layer=1 order=[n(north_south_port)_0, n_1]
crossmin: minimize_crossings done
crossmin: transfer done
crossmin: start
crossmin: empty_graph=false
crossmin: single_node=false
crossmin: hierarchical_layout=false
crossmin:init graph 0
crossmin: graph_info_holder new_with_graph start
crossmin: graph_info_holder new_with_graph node_order
crossmin: graph_info_holder new_with_graph properties
crossmin: graph_info_holder build start
crossmin: port_distributor=LayerTotal (barycenter=true)
crossmin: graph_info_holder port distributors ready
crossmin: graph_info_holder crossings counter ready
crossmin: graph_info_holder cross minimizer ready
crossmin: graph_info_holder sweep type decider ready
crossmin:init_initializables layers=2
crossmin:init_initializables layer 0
crossmin:init_initializables layer 1
crossmin:init_initializables done
crossmin: graph_info_holder init holder done
crossmin:init_initializables layers=2
crossmin:init_initializables layer 0
crossmin:init_initializables layer 1
crossmin:init_initializables done
crossmin: graph_info_holder init components done
crossmin: graph_info_holder use_bottom_up=true
crossmin:init graph 0 child_graphs=0
crossmin: graphs=1, sweep_targets=[0]
crossmin: method=CompareRandomized
crossmin: sweep graph 0
crossmin: reset_random_for_all_graphs
crossmin: compare randomized node_infl=0 port_infl=0
crossmin: compare randomized thoroughness=7
crossmin: compare randomized iter
crossmin: with_counter initial_crossings=1
crossmin: distribute_ports layer=1 forward=false first=true
crossmin: sweep layer=1 order=[n(long_edge)_2, n_0, n(long_edge)_1]
crossmin: minimize layer=0 forward=false allow_first=true
crossmin: distribute_ports layer=0 forward=false first=true
crossmin: sweep layer=0 order=[n_0]
crossmin: with_counter after first sweep
crossmin: with_counter crossings_in_graph=1
crossmin: distribute_ports layer=0 forward=true first=false
crossmin: sweep layer=0 order=[n_0]
crossmin: minimize layer=1 forward=true allow_first=false
crossmin: distribute_ports layer=1 forward=true first=false
crossmin: sweep layer=1 order=[n(long_edge)_2, n_0, n(long_edge)_1]
crossmin: with_counter sweep done old=1 new=1
crossmin: compare randomized iter
crossmin: with_counter initial_crossings=1
crossmin: distribute_ports layer=0 forward=true first=true
crossmin: sweep layer=0 order=[n_0]
crossmin: minimize layer=1 forward=true allow_first=true
crossmin: distribute_ports layer=1 forward=true first=true
crossmin: sweep layer=1 order=[n(long_edge)_2, n_0, n(long_edge)_1]
crossmin: with_counter after first sweep
crossmin: with_counter crossings_in_graph=1
crossmin: distribute_ports layer=1 forward=false first=false
crossmin: sweep layer=1 order=[n(long_edge)_2, n_0, n(long_edge)_1]
crossmin: minimize layer=0 forward=false allow_first=false
crossmin: distribute_ports layer=0 forward=false first=false
crossmin: sweep layer=0 order=[n_0]
crossmin: with_counter sweep done old=1 new=1
crossmin: compare randomized iter
crossmin: with_counter initial_crossings=1
crossmin: distribute_ports layer=1 forward=false first=true
crossmin: sweep layer=1 order=[n_0, n(long_edge)_2, n(long_edge)_1]
crossmin: minimize layer=0 forward=false allow_first=true
crossmin: distribute_ports layer=0 forward=false first=true
crossmin: sweep layer=0 order=[n_0]
crossmin: with_counter after first sweep
crossmin: with_counter crossings_in_graph=0
crossmin: compare randomized done
crossmin: minimize_crossings done
crossmin: transfer done
crossmin: start
crossmin: empty_graph=false
crossmin: single_node=false
crossmin: hierarchical_layout=false
crossmin:init graph 0
crossmin: graph_info_holder new_with_graph start
crossmin: graph_info_holder new_with_graph node_order
crossmin: graph_info_holder new_with_graph properties
crossmin: graph_info_holder build start
crossmin: port_distributor=GreedySwitch
crossmin: graph_info_holder port distributors ready
crossmin: graph_info_holder crossings counter ready
crossmin: graph_info_holder cross minimizer ready
crossmin: graph_info_holder sweep type decider ready
crossmin:init_initializables layers=2
crossmin:init_initializables layer 0
crossmin:init_initializables layer 1
crossmin:init_initializables done
crossmin: graph_info_holder init holder done
crossmin:init_initializables layers=2
crossmin:init_initializables layer 0
crossmin:init_initializables layer 1
crossmin:init_initializables done
crossmin: graph_info_holder init components done
crossmin: graph_info_holder use_bottom_up=true
crossmin:init graph 0 child_graphs=0
crossmin: graphs=1, sweep_targets=[0]
crossmin: method=NoCounter
crossmin: sweep graph 0
crossmin: distribute_ports layer=1 forward=false first=false
crossmin: sweep layer=1 order=[n_0, n(long_edge)_1, n(long_edge)_2]
crossmin: minimize layer=0 forward=false allow_first=false
crossmin: distribute_ports layer=0 forward=false first=false
crossmin: sweep layer=0 order=[n_0]
crossmin: minimize_crossings done
crossmin: transfer done
crossmin: start
crossmin: empty_graph=false
crossmin: single_node=true
crossmin: hierarchical_layout=false
crossmin: start
crossmin: empty_graph=false
crossmin: single_node=true
crossmin: hierarchical_layout=false
crossmin: start
crossmin: empty_graph=false
crossmin: single_node=true
crossmin: hierarchical_layout=false
crossmin: start
crossmin: empty_graph=false
crossmin: single_node=true
crossmin: hierarchical_layout=false
crossmin: start
crossmin: empty_graph=false
crossmin: single_node=true
crossmin: hierarchical_layout=false
crossmin: start
crossmin: empty_graph=false
crossmin: single_node=true
crossmin: hierarchical_layout=false
[1/1] ok examples/ports/portConstraints.elkt (4 ms)
model parity rust runner completed: total=1, ok=1, skipped=0, errors=0 (timeouts=0)
